[debug] [2024-05-30T11:31:19.734Z] ----------------------------------------------------------------------
[debug] [2024-05-30T11:31:19.740Z] Command:       /usr/local/bin/node /usr/local/bin/firebase init
[debug] [2024-05-30T11:31:19.740Z] CLI Version:   13.10.2
[debug] [2024-05-30T11:31:19.740Z] Platform:      darwin
[debug] [2024-05-30T11:31:19.740Z] Node Version:  v20.10.0
[debug] [2024-05-30T11:31:19.741Z] Time:          Thu May 30 2024 14:31:19 GMT+0300 (heure d’été d’Israël)
[debug] [2024-05-30T11:31:19.741Z] ----------------------------------------------------------------------
[debug] 
[debug] [2024-05-30T11:31:19.779Z] > command requires scopes: ["email","openid","https://www.googleapis.com/auth/cloudplatformprojects.readonly","https://www.googleapis.com/auth/firebase","https://www.googleapis.com/auth/cloud-platform"]
[debug] [2024-05-30T11:31:19.779Z] > authorizing via signed-in user (maikelsitbon@gmail.com)
[info] 
     ######## #### ########  ######## ########     ###     ######  ########
     ##        ##  ##     ## ##       ##     ##  ##   ##  ##       ##
     ######    ##  ########  ######   ########  #########  ######  ######
     ##        ##  ##    ##  ##       ##     ## ##     ##       ## ##
     ##       #### ##     ## ######## ########  ##     ##  ######  ########

You're about to initialize a Firebase project in this directory:

  /Users/maikelsitbon/Desktop/ai-my-guest-app

Before we get started, keep in mind:

  * You are initializing within an existing Firebase project directory

[info] 
=== Project Setup
[info] 
[info] First, let's associate this project directory with a Firebase project.
[info] You can create multiple project aliases by running firebase use --add, 
[info] but for now we'll just set up a default project.
[info] 
[debug] [2024-05-30T11:31:22.136Z] Using project from CLI flag: aimyguest
[debug] [2024-05-30T11:31:22.138Z] >>> [apiv2][query] GET https://firebase.googleapis.com/v1beta1/projects/aimyguest [none]
[debug] [2024-05-30T11:31:22.664Z] <<< [apiv2][status] GET https://firebase.googleapis.com/v1beta1/projects/aimyguest 200
[debug] [2024-05-30T11:31:22.664Z] <<< [apiv2][body] GET https://firebase.googleapis.com/v1beta1/projects/aimyguest {"projectId":"aimyguest","projectNumber":"500810328334","displayName":"AiMyGuest","name":"projects/aimyguest","resources":{"hostingSite":"aimyguest"},"state":"ACTIVE","etag":"1_fd43a853-5887-4c6b-a85c-4a4f961d7190"}
[info] i  Using project aimyguest (AiMyGuest) 
[info] 
=== Hosting Setup
[debug] [2024-05-30T11:31:22.671Z] >>> [apiv2][query] GET https://firebase.googleapis.com/v1beta1/projects/aimyguest [none]
[debug] [2024-05-30T11:31:22.934Z] <<< [apiv2][status] GET https://firebase.googleapis.com/v1beta1/projects/aimyguest 200
[debug] [2024-05-30T11:31:22.934Z] <<< [apiv2][body] GET https://firebase.googleapis.com/v1beta1/projects/aimyguest {"projectId":"aimyguest","projectNumber":"500810328334","displayName":"AiMyGuest","name":"projects/aimyguest","resources":{"hostingSite":"aimyguest"},"state":"ACTIVE","etag":"1_fd43a853-5887-4c6b-a85c-4a4f961d7190"}
[info] 
[info] Your public directory is the folder (relative to your project directory) that
[info] will contain Hosting assets to be uploaded with firebase deploy. If you
[info] have a build process for your assets, use your build's output directory.
[info] 
